0 info it worked if it ends with ok
1 verbose cli [ '/home/guillermo/.nvm/versions/node/v7.2.0/bin/node',
1 verbose cli   '/home/guillermo/.nvm/versions/node/v7.2.0/bin/npm',
1 verbose cli   'run',
1 verbose cli   'dev' ]
2 info using npm@3.10.9
3 info using node@v7.2.0
4 verbose run-script [ 'predev', 'dev', 'postdev' ]
5 info lifecycle myapp@0.0.0~predev: myapp@0.0.0
6 silly lifecycle myapp@0.0.0~predev: no script for predev, continuing
7 info lifecycle myapp@0.0.0~dev: myapp@0.0.0
8 verbose lifecycle myapp@0.0.0~dev: unsafe-perm in lifecycle true
9 verbose lifecycle myapp@0.0.0~dev: PATH: /home/guillermo/.nvm/versions/node/v7.2.0/lib/node_modules/npm/bin/node-gyp-bin:/home/guillermo/Documentos/Ironhack/modulo2/boardgamia/boardgames-app/myapp/node_modules/.bin:/home/guillermo/.nvm/versions/node/v7.2.0/bin:/usr/local/sbin:/usr/local/bin:/usr/sbin:/usr/bin:/sbin:/bin:/usr/games:/usr/local/games:/snap/bin
10 verbose lifecycle myapp@0.0.0~dev: CWD: /home/guillermo/Documentos/Ironhack/modulo2/boardgamia/boardgames-app/myapp
11 silly lifecycle myapp@0.0.0~dev: Args: [ '-c', 'nodemon -e hbs,css,js ./bin/www' ]
12 silly lifecycle myapp@0.0.0~dev: Returned: code: 1  signal: null
13 info lifecycle myapp@0.0.0~dev: Failed to exec dev script
14 verbose stack Error: myapp@0.0.0 dev: `nodemon -e hbs,css,js ./bin/www`
14 verbose stack Exit status 1
14 verbose stack     at EventEmitter.<anonymous> (/home/guillermo/.nvm/versions/node/v7.2.0/lib/node_modules/npm/lib/utils/lifecycle.js:255:16)
14 verbose stack     at emitTwo (events.js:106:13)
14 verbose stack     at EventEmitter.emit (events.js:191:7)
14 verbose stack     at ChildProcess.<anonymous> (/home/guillermo/.nvm/versions/node/v7.2.0/lib/node_modules/npm/lib/utils/spawn.js:40:14)
14 verbose stack     at emitTwo (events.js:106:13)
14 verbose stack     at ChildProcess.emit (events.js:191:7)
14 verbose stack     at maybeClose (internal/child_process.js:885:16)
14 verbose stack     at Process.ChildProcess._handle.onexit (internal/child_process.js:226:5)
15 verbose pkgid myapp@0.0.0
16 verbose cwd /home/guillermo/Documentos/Ironhack/modulo2/boardgamia/boardgames-app/myapp
17 error Linux 4.15.0-47-generic
18 error argv "/home/guillermo/.nvm/versions/node/v7.2.0/bin/node" "/home/guillermo/.nvm/versions/node/v7.2.0/bin/npm" "run" "dev"
19 error node v7.2.0
20 error npm  v3.10.9
21 error code ELIFECYCLE
22 error myapp@0.0.0 dev: `nodemon -e hbs,css,js ./bin/www`
22 error Exit status 1
23 error Failed at the myapp@0.0.0 dev script 'nodemon -e hbs,css,js ./bin/www'.
23 error Make sure you have the latest version of node.js and npm installed.
23 error If you do, this is most likely a problem with the myapp package,
23 error not with npm itself.
23 error Tell the author that this fails on your system:
23 error     nodemon -e hbs,css,js ./bin/www
23 error You can get information on how to open an issue for this project with:
23 error     npm bugs myapp
23 error Or if that isn't available, you can get their info via:
23 error     npm owner ls myapp
23 error There is likely additional logging output above.
24 verbose exit [ 1, true ]
